\BOOKMARK [0][]{chapter.1}{\376\377\0001\000\040\176\352\213\272}{}% 1
\BOOKMARK [1][]{section.1.1}{\376\377\0001\000.\0001\000\040\170\024\172\166\200\314\146\157\123\312\141\017\116\111}{chapter.1}% 2
\BOOKMARK [1][]{section.1.2}{\376\377\0001\000.\0002\000\040\126\375\121\205\131\026\170\024\172\166\163\260\162\266}{chapter.1}% 3
\BOOKMARK [1][]{section.1.3}{\376\377\0001\000.\0003\000\040\170\024\172\166\121\205\133\271\116\313\176\315}{chapter.1}% 4
\BOOKMARK [1][]{section.1.4}{\376\377\0001\000.\0004\000\040\145\207\147\054\166\204\176\304\176\307\176\323\147\204}{chapter.1}% 5
\BOOKMARK [0][]{chapter.2}{\376\377\0002\000\040\140\305\141\037\122\006\147\220\166\204\166\370\121\163\142\200\147\057\176\374\217\360}{}% 6
\BOOKMARK [1][]{section.2.1}{\376\377\0002\000.\0001\000\040\116\055\145\207\122\006\213\315}{chapter.2}% 7
\BOOKMARK [1][]{section.2.2}{\376\377\0002\000.\0002\000\040\117\177\165\050\147\072\126\150\133\146\116\140\173\227\154\325\166\204\140\305\141\037\122\006\147\220}{chapter.2}% 8
\BOOKMARK [2][]{subsection.2.2.1}{\376\377\0002\000.\0002\000.\0001\000\040\000R\000N\000N\152\041\127\213}{section.2.2}% 9
\BOOKMARK [2][]{subsection.2.2.2}{\376\377\0002\000.\0002\000.\0002\000\040\000L\000S\000T\000M\152\041\127\213}{section.2.2}% 10
\BOOKMARK [2][]{subsection.2.2.3}{\376\377\0002\000.\0002\000.\0003\000\040\000B\000i\000-\000R\000N\000N\152\041\127\213}{section.2.2}% 11
\BOOKMARK [2][]{subsection.2.2.4}{\376\377\0002\000.\0002\000.\0004\000\040\000G\000R\000U\152\041\127\213}{section.2.2}% 12
\BOOKMARK [1][]{section.2.3}{\376\377\0002\000.\0003\000\040\147\054\172\340\134\017\176\323}{chapter.2}% 13
\BOOKMARK [0][]{chapter.3}{\376\377\0003\000\040\213\315\124\021\221\317\142\200\147\057}{}% 14
\BOOKMARK [1][]{section.3.1}{\376\377\0003\000.\0001\000\040\176\337\213\241\213\355\212\000\152\041\127\213}{chapter.3}% 15
\BOOKMARK [1][]{section.3.2}{\376\377\0003\000.\0002\000\040\127\372\116\216\171\136\176\317\177\121\176\334\166\204\122\006\136\003\137\017\210\150\171\072\152\041\127\213}{chapter.3}% 16
\BOOKMARK [2][]{subsection.3.2.1}{\376\377\0003\000.\0002\000.\0001\000\040\000C\000B\000O\000W\152\041\127\213}{section.3.2}% 17
\BOOKMARK [2][]{subsection.3.2.2}{\376\377\0003\000.\0002\000.\0002\000\040\000S\000k\000i\000p\000-\000G\000r\000a\000m\152\041\127\213}{section.3.2}% 18
\BOOKMARK [1][]{section.3.3}{\376\377\0003\000.\0003\000\040\147\054\172\340\134\017\176\323}{chapter.3}% 19
\BOOKMARK [0][]{chapter.4}{\376\377\0004\000\040\000A\000t\000t\000e\000n\000t\000i\000o\000n\000-\000B\000a\000s\000e\000d\000\040\000I\000n\000d\000R\000N\000N\000\040\152\041\127\213\123\237\164\006}{}% 20
\BOOKMARK [1][]{section.4.1}{\376\377\0004\000.\0001\000\040\000I\000n\000d\000R\000N\000N\152\041\127\213}{chapter.4}% 21
\BOOKMARK [1][]{section.4.2}{\376\377\0004\000.\0002\000\040\000A\000t\000t\000e\000n\000t\000i\000o\000n\000\040\000M\000o\000d\000e\000l\000\040\140\035\140\363}{chapter.4}% 22
\BOOKMARK [1][]{section.4.3}{\376\377\0004\000.\0003\000\040\000A\000t\000t\000e\000n\000t\000i\000o\000n\000-\000B\000a\000s\000e\000d\000\040\000I\000n\000d\000R\000N\000N\000\040\152\041\127\213}{chapter.4}% 23
\BOOKMARK [1][]{section.4.4}{\376\377\0004\000.\0004\000\040\140\305\141\037\122\006\147\220\126\150\213\276\213\241}{chapter.4}% 24
\BOOKMARK [1][]{section.4.5}{\376\377\0004\000.\0005\000\040\147\054\172\340\134\017\176\323}{chapter.4}% 25
\BOOKMARK [0][]{chapter.5}{\376\377\0005\000\040\133\371\153\324\133\236\232\214\116\016\176\323\147\234\122\006\147\220}{}% 26
\BOOKMARK [1][]{section.5.1}{\376\377\0005\000.\0001\000\040\133\236\232\214\213\276\213\241}{chapter.5}% 27
\BOOKMARK [2][]{subsection.5.1.1}{\376\377\0005\000.\0001\000.\0001\000\040\133\236\232\214\163\257\130\203}{section.5.1}% 28
\BOOKMARK [2][]{subsection.5.1.2}{\376\377\0005\000.\0001\000.\0002\000\040\133\236\232\214\145\160\143\156\226\306}{section.5.1}% 29
\BOOKMARK [3][]{subsubsection.5.1.2.1}{\376\377\0005\000.\0001\000.\0002\000.\0001\000\040\213\315\124\021\221\317\213\255\176\303\213\355\145\231\145\160\143\156\226\306}{subsection.5.1.2}% 30
\BOOKMARK [3][]{subsubsection.5.1.2.2}{\376\377\0005\000.\0001\000.\0002\000.\0002\000\040\214\106\164\343\165\065\137\161\167\355\213\304\145\160\143\156\226\306}{subsection.5.1.2}% 31
\BOOKMARK [3][]{subsubsection.5.1.2.3}{\376\377\0005\000.\0001\000.\0002\000.\0003\000\040\000I\000M\000D\000B\165\065\137\161\213\304\213\272\145\160\143\156\226\306}{subsection.5.1.2}% 32
\BOOKMARK [2][]{subsection.5.1.3}{\376\377\0005\000.\0001\000.\0003\000\040\133\236\232\214\121\167\117\123\213\276\213\241}{section.5.1}% 33
\BOOKMARK [1][]{section.5.2}{\376\377\0005\000.\0002\000\040\133\236\232\214\176\323\147\234\124\214\122\006\147\220}{chapter.5}% 34
\BOOKMARK [1][]{section.5.3}{\376\377\0005\000.\0003\000\040\147\054\172\340\134\017\176\323}{chapter.5}% 35
\BOOKMARK [0][]{chapter.6}{\376\377\0006\000\040\140\073\176\323\116\016\134\125\147\033}{}% 36
\BOOKMARK [1][]{section.6.1}{\376\377\0006\000.\0001\000\040\213\272\145\207\116\073\211\201\135\345\117\134}{chapter.6}% 37
\BOOKMARK [1][]{section.6.2}{\376\377\0006\000.\0002\000\040\213\272\145\207\135\345\117\134\134\125\147\033}{chapter.6}% 38
\BOOKMARK [0][]{section*.15}{\376\377\123\302\200\003\145\207\163\056}{}% 39
\BOOKMARK [0][]{section*.17}{\376\377\201\364\214\042}{}% 40
